2015-11-05 6:45:42 - PHP Notice:  Undefined variable: price in E:\Xampp\htdocs\oc\upload\catalog\controller\module\featured.php on line 43
2015-11-05 6:45:42 - PHP Notice:  Undefined variable: special in E:\Xampp\htdocs\oc\upload\catalog\controller\module\featured.php on line 44
2015-11-05 6:45:42 - PHP Notice:  Undefined variable: tax in E:\Xampp\htdocs\oc\upload\catalog\controller\module\featured.php on line 45
2015-11-05 6:45:42 - PHP Notice:  Undefined variable: rating in E:\Xampp\htdocs\oc\upload\catalog\controller\module\featured.php on line 46
2015-11-05 6:45:42 - PHP Notice:  Undefined variable: price in E:\Xampp\htdocs\oc\upload\catalog\controller\module\featured.php on line 43
2015-11-05 6:45:42 - PHP Notice:  Undefined variable: special in E:\Xampp\htdocs\oc\upload\catalog\controller\module\featured.php on line 44
2015-11-05 6:45:42 - PHP Notice:  Undefined variable: tax in E:\Xampp\htdocs\oc\upload\catalog\controller\module\featured.php on line 45
2015-11-05 6:45:42 - PHP Notice:  Undefined variable: rating in E:\Xampp\htdocs\oc\upload\catalog\controller\module\featured.php on line 46
2015-11-05 6:45:42 - PHP Notice:  Undefined variable: price in E:\Xampp\htdocs\oc\upload\catalog\controller\module\featured.php on line 43
2015-11-05 6:45:42 - PHP Notice:  Undefined variable: special in E:\Xampp\htdocs\oc\upload\catalog\controller\module\featured.php on line 44
2015-11-05 6:45:42 - PHP Notice:  Undefined variable: tax in E:\Xampp\htdocs\oc\upload\catalog\controller\module\featured.php on line 45
2015-11-05 6:45:42 - PHP Notice:  Undefined variable: rating in E:\Xampp\htdocs\oc\upload\catalog\controller\module\featured.php on line 46
2015-11-05 6:45:42 - PHP Notice:  Undefined variable: price in E:\Xampp\htdocs\oc\upload\catalog\controller\module\featured.php on line 43
2015-11-05 6:45:42 - PHP Notice:  Undefined variable: special in E:\Xampp\htdocs\oc\upload\catalog\controller\module\featured.php on line 44
2015-11-05 6:45:42 - PHP Notice:  Undefined variable: tax in E:\Xampp\htdocs\oc\upload\catalog\controller\module\featured.php on line 45
2015-11-05 6:45:42 - PHP Notice:  Undefined variable: rating in E:\Xampp\htdocs\oc\upload\catalog\controller\module\featured.php on line 46
2015-11-12 5:09:46 - PHP Notice:  Undefined variable: entry_export in E:\Xampp\htdocs\oc\upload\admin\view\template\tool\backup.tpl on line 43
2016-02-25 10:35:14 - PHP Notice:  Use of undefined constant hihihi - assumed 'hihihi' in E:\Xampp\htdocs\oc\admin\view\template\localisation\language_list.tpl on line 65
2016-02-25 10:35:14 - PHP Notice:  Use of undefined constant hihihi - assumed 'hihihi' in E:\Xampp\htdocs\oc\admin\view\template\localisation\language_list.tpl on line 65
2016-02-25 10:35:14 - PHP Notice:  Use of undefined constant hihihi - assumed 'hihihi' in E:\Xampp\htdocs\oc\admin\view\template\localisation\language_list.tpl on line 65
2016-02-25 12:25:55 - PHP Notice:  Undefined variable: entry_export in E:\Xampp\htdocs\oc\admin\view\template\tool\backup.tpl on line 43
2016-02-29 6:09:17 - PHP Warning:  Missing argument 1 for Language::get(), called in E:\Xampp\htdocs\oc\system\library\currency.php on line 87 and defined in E:\Xampp\htdocs\oc\system\storage\modification\system\library\language.php on line 11
2016-02-29 6:09:17 - PHP Notice:  Undefined variable: key in E:\Xampp\htdocs\oc\system\storage\modification\system\library\language.php on line 12
2016-02-29 6:09:17 - PHP Notice:  Undefined variable: key in E:\Xampp\htdocs\oc\system\storage\modification\system\library\language.php on line 12
2016-02-29 6:19:33 - PHP Warning:  Missing argument 1 for Loader::language(), called in E:\Xampp\htdocs\oc\catalog\controller\checkout\confirm.php on line 95 and defined in E:\Xampp\htdocs\oc\system\storage\modification\system\engine\loader.php on line 110
2016-02-29 6:19:33 - PHP Notice:  Undefined variable: language in E:\Xampp\htdocs\oc\system\storage\modification\system\engine\loader.php on line 111
2016-02-29 6:19:55 - PHP Warning:  Missing argument 1 for Loader::config(), called in E:\Xampp\htdocs\oc\catalog\controller\checkout\confirm.php on line 95 and defined in E:\Xampp\htdocs\oc\system\storage\modification\system\engine\loader.php on line 106
2016-02-29 6:19:55 - PHP Notice:  Undefined variable: config in E:\Xampp\htdocs\oc\system\storage\modification\system\engine\loader.php on line 107
2016-02-29 6:19:55 - PHP Notice:  Error: Could not load config ! in E:\Xampp\htdocs\oc\system\storage\modification\system\library\config.php on line 27
2016-02-29 9:30:37 - PHP Notice:  Undefined index: route in E:\Xampp\htdocs\oc\catalog\controller\common\seo_url.php on line 56
2016-02-29 9:39:47 - PHP Notice:  Undefined index: _route_ in E:\Xampp\htdocs\oc\catalog\controller\common\seo_url.php on line 11
2016-02-29 9:39:57 - PHP Notice:  Undefined index: _+route_ in E:\Xampp\htdocs\oc\catalog\controller\common\seo_url.php on line 11
2016-02-29 9:40:01 - PHP Notice:  Undefined index: _+route_ in E:\Xampp\htdocs\oc\catalog\controller\common\seo_url.php on line 11
2016-02-29 9:40:03 - PHP Notice:  Undefined index: _+route_ in E:\Xampp\htdocs\oc\catalog\controller\common\seo_url.php on line 11
2016-02-29 9:40:05 - PHP Notice:  Undefined index: _+route_ in E:\Xampp\htdocs\oc\catalog\controller\common\seo_url.php on line 11
2016-02-29 9:40:14 - PHP Notice:  Undefined index: _route_ in E:\Xampp\htdocs\oc\catalog\controller\common\seo_url.php on line 11
2016-02-29 9:40:19 - PHP Notice:  Undefined index: _route_ in E:\Xampp\htdocs\oc\catalog\controller\common\seo_url.php on line 11
2016-02-29 9:44:15 - PHP Notice:  Undefined index: route in E:\Xampp\htdocs\oc\catalog\controller\common\seo_url.php on line 56
2016-02-29 11:05:37 - PHP Notice:  Undefined index: _route_ in E:\Xampp\htdocs\oc\index.php on line 267
2016-02-29 11:14:22 - PHP Notice:  Undefined index: route in E:\Xampp\htdocs\oc\catalog\controller\common\seo_url.php on line 17
2016-02-29 12:15:19 - PHP Notice:  Undefined index: _route_ in E:\Xampp\htdocs\oc\catalog\controller\common\seo_url.php on line 11
2016-02-29 12:19:08 - PHP Notice:  Undefined index: _route_ in E:\Xampp\htdocs\oc\catalog\controller\common\seo_url.php on line 11
2016-02-29 12:19:29 - PHP Notice:  Undefined index: _route_ in E:\Xampp\htdocs\oc\catalog\controller\common\seo_url.php on line 11
2016-02-29 12:19:33 - PHP Notice:  Undefined index: _route_ in E:\Xampp\htdocs\oc\catalog\controller\common\seo_url.php on line 11
2016-02-29 12:19:34 - PHP Notice:  Undefined index: _route_ in E:\Xampp\htdocs\oc\catalog\controller\common\seo_url.php on line 11
2016-02-29 12:19:34 - PHP Notice:  Undefined index: _route_ in E:\Xampp\htdocs\oc\catalog\controller\common\seo_url.php on line 11
2016-02-29 12:19:34 - PHP Notice:  Undefined index: _route_ in E:\Xampp\htdocs\oc\catalog\controller\common\seo_url.php on line 11
2016-02-29 12:19:34 - PHP Notice:  Undefined index: _route_ in E:\Xampp\htdocs\oc\catalog\controller\common\seo_url.php on line 11
2016-02-29 12:19:37 - PHP Notice:  Undefined index: _route_ in E:\Xampp\htdocs\oc\catalog\controller\common\seo_url.php on line 11
2016-02-29 12:19:38 - PHP Notice:  Undefined index: _route_ in E:\Xampp\htdocs\oc\catalog\controller\common\seo_url.php on line 11
